{"D:\\desarrollos\\ABDSuite\\ABDAuth\\src\\proxy.ts": {"path":"D:\\desarrollos\\ABDSuite\\ABDAuth\\src\\proxy.ts","statementMap":{"0":{"start":{"line":7,"column":6},"end":{"line":7,"column":null}},"1":{"start":{"line":15,"column":19},"end":{"line":15,"column":null}},"2":{"start":{"line":16,"column":19},"end":{"line":16,"column":null}},"3":{"start":{"line":17,"column":20},"end":{"line":17,"column":null}},"4":{"start":{"line":18,"column":18},"end":{"line":18,"column":null}},"5":{"start":{"line":20,"column":21},"end":{"line":20,"column":null}},"6":{"start":{"line":21,"column":15},"end":{"line":21,"column":null}},"7":{"start":{"line":22,"column":19},"end":{"line":22,"column":null}},"8":{"start":{"line":25,"column":21},"end":{"line":25,"column":null}},"9":{"start":{"line":26,"column":26},"end":{"line":26,"column":null}},"10":{"start":{"line":28,"column":2},"end":{"line":38,"column":null}},"11":{"start":{"line":30,"column":4},"end":{"line":32,"column":null}},"12":{"start":{"line":31,"column":6},"end":{"line":31,"column":null}},"13":{"start":{"line":35,"column":4},"end":{"line":37,"column":null}},"14":{"start":{"line":36,"column":6},"end":{"line":36,"column":null}},"15":{"start":{"line":41,"column":8},"end":{"line":41,"column":null}},"16":{"start":{"line":43,"column":2},"end":{"line":54,"column":null}},"17":{"start":{"line":44,"column":4},"end":{"line":52,"column":null}},"18":{"start":{"line":45,"column":31},"end":{"line":45,"column":null}},"19":{"start":{"line":46,"column":26},"end":{"line":46,"column":null}},"20":{"start":{"line":48,"column":6},"end":{"line":50,"column":null}},"21":{"start":{"line":49,"column":8},"end":{"line":49,"column":null}},"22":{"start":{"line":51,"column":6},"end":{"line":51,"column":null}},"23":{"start":{"line":53,"column":4},"end":{"line":53,"column":null}},"24":{"start":{"line":57,"column":22},"end":{"line":57,"column":null}},"25":{"start":{"line":58,"column":23},"end":{"line":58,"column":null}},"26":{"start":{"line":58,"column":51},"end":{"line":58,"column":73}},"27":{"start":{"line":60,"column":2},"end":{"line":63,"column":null}},"28":{"start":{"line":62,"column":4},"end":{"line":62,"column":null}},"29":{"start":{"line":66,"column":2},"end":{"line":84,"column":null}},"30":{"start":{"line":67,"column":4},"end":{"line":69,"column":null}},"31":{"start":{"line":68,"column":6},"end":{"line":68,"column":null}},"32":{"start":{"line":72,"column":30},"end":{"line":72,"column":null}},"33":{"start":{"line":73,"column":4},"end":{"line":76,"column":null}},"34":{"start":{"line":75,"column":6},"end":{"line":75,"column":null}},"35":{"start":{"line":78,"column":29},"end":{"line":78,"column":null}},"36":{"start":{"line":79,"column":30},"end":{"line":79,"column":null}},"37":{"start":{"line":79,"column":61},"end":{"line":79,"column":85}},"38":{"start":{"line":80,"column":4},"end":{"line":83,"column":null}},"39":{"start":{"line":82,"column":6},"end":{"line":82,"column":null}},"40":{"start":{"line":86,"column":2},"end":{"line":86,"column":null}},"41":{"start":{"line":89,"column":22},"end":{"line":91,"column":null}}},"fnMap":{"0":{"name":"(anonymous_0)","decl":{"start":{"line":13,"column":15},"end":{"line":13,"column":21}},"loc":{"start":{"line":13,"column":29},"end":{"line":87,"column":1}},"line":13},"1":{"name":"(anonymous_1)","decl":{"start":{"line":58,"column":39},"end":{"line":58,"column":44}},"loc":{"start":{"line":58,"column":51},"end":{"line":58,"column":73}},"line":58},"2":{"name":"(anonymous_2)","decl":{"start":{"line":79,"column":47},"end":{"line":79,"column":52}},"loc":{"start":{"line":79,"column":61},"end":{"line":79,"column":85}},"line":79}},"branchMap":{"0":{"loc":{"start":{"line":15,"column":19},"end":{"line":15,"column":null}},"type":"binary-expr","locations":[{"start":{"line":15,"column":19},"end":{"line":15,"column":45}},{"start":{"line":15,"column":45},"end":{"line":15,"column":null}}],"line":15},"1":{"loc":{"start":{"line":17,"column":20},"end":{"line":17,"column":null}},"type":"cond-expr","locations":[{"start":{"line":17,"column":42},"end":{"line":17,"column":56}},{"start":{"line":17,"column":56},"end":{"line":17,"column":null}}],"line":17},"2":{"loc":{"start":{"line":18,"column":18},"end":{"line":18,"column":null}},"type":"cond-expr","locations":[{"start":{"line":18,"column":78},"end":{"line":18,"column":90}},{"start":{"line":18,"column":90},"end":{"line":18,"column":null}}],"line":18},"3":{"loc":{"start":{"line":28,"column":2},"end":{"line":38,"column":null}},"type":"if","locations":[{"start":{"line":28,"column":2},"end":{"line":38,"column":null}},{"start":{},"end":{}}],"line":28},"4":{"loc":{"start":{"line":28,"column":6},"end":{"line":28,"column":53}},"type":"binary-expr","locations":[{"start":{"line":28,"column":6},"end":{"line":28,"column":20}},{"start":{"line":28,"column":20},"end":{"line":28,"column":35}},{"start":{"line":28,"column":35},"end":{"line":28,"column":53}}],"line":28},"5":{"loc":{"start":{"line":30,"column":4},"end":{"line":32,"column":null}},"type":"if","locations":[{"start":{"line":30,"column":4},"end":{"line":32,"column":null}},{"start":{},"end":{}}],"line":30},"6":{"loc":{"start":{"line":30,"column":8},"end":{"line":30,"column":49}},"type":"binary-expr","locations":[{"start":{"line":30,"column":8},"end":{"line":30,"column":28}},{"start":{"line":30,"column":28},"end":{"line":30,"column":49}}],"line":30},"7":{"loc":{"start":{"line":35,"column":4},"end":{"line":37,"column":null}},"type":"if","locations":[{"start":{"line":35,"column":4},"end":{"line":37,"column":null}},{"start":{},"end":{}}],"line":35},"8":{"loc":{"start":{"line":35,"column":8},"end":{"line":35,"column":48}},"type":"binary-expr","locations":[{"start":{"line":35,"column":8},"end":{"line":35,"column":29}},{"start":{"line":35,"column":29},"end":{"line":35,"column":48}}],"line":35},"9":{"loc":{"start":{"line":41,"column":8},"end":{"line":41,"column":null}},"type":"binary-expr","locations":[{"start":{"line":41,"column":25},"end":{"line":41,"column":56}},{"start":{"line":41,"column":56},"end":{"line":41,"column":91}},{"start":{"line":41,"column":91},"end":{"line":41,"column":null}}],"line":41},"10":{"loc":{"start":{"line":43,"column":2},"end":{"line":54,"column":null}},"type":"if","locations":[{"start":{"line":43,"column":2},"end":{"line":54,"column":null}},{"start":{},"end":{}}],"line":43},"11":{"loc":{"start":{"line":44,"column":4},"end":{"line":52,"column":null}},"type":"if","locations":[{"start":{"line":44,"column":4},"end":{"line":52,"column":null}},{"start":{},"end":{}}],"line":44},"12":{"loc":{"start":{"line":48,"column":6},"end":{"line":50,"column":null}},"type":"if","locations":[{"start":{"line":48,"column":6},"end":{"line":50,"column":null}},{"start":{},"end":{}}],"line":48},"13":{"loc":{"start":{"line":60,"column":2},"end":{"line":63,"column":null}},"type":"if","locations":[{"start":{"line":60,"column":2},"end":{"line":63,"column":null}},{"start":{},"end":{}}],"line":60},"14":{"loc":{"start":{"line":60,"column":6},"end":{"line":60,"column":35}},"type":"binary-expr","locations":[{"start":{"line":60,"column":6},"end":{"line":60,"column":21}},{"start":{"line":60,"column":21},"end":{"line":60,"column":35}}],"line":60},"15":{"loc":{"start":{"line":66,"column":2},"end":{"line":84,"column":null}},"type":"if","locations":[{"start":{"line":66,"column":2},"end":{"line":84,"column":null}},{"start":{},"end":{}}],"line":66},"16":{"loc":{"start":{"line":67,"column":4},"end":{"line":69,"column":null}},"type":"if","locations":[{"start":{"line":67,"column":4},"end":{"line":69,"column":null}},{"start":{},"end":{}}],"line":67},"17":{"loc":{"start":{"line":73,"column":4},"end":{"line":76,"column":null}},"type":"if","locations":[{"start":{"line":73,"column":4},"end":{"line":76,"column":null}},{"start":{},"end":{}}],"line":73},"18":{"loc":{"start":{"line":73,"column":8},"end":{"line":73,"column":57}},"type":"binary-expr","locations":[{"start":{"line":73,"column":8},"end":{"line":73,"column":29}},{"start":{"line":73,"column":29},"end":{"line":73,"column":57}}],"line":73},"19":{"loc":{"start":{"line":80,"column":4},"end":{"line":83,"column":null}},"type":"if","locations":[{"start":{"line":80,"column":4},"end":{"line":83,"column":null}},{"start":{},"end":{}}],"line":80},"20":{"loc":{"start":{"line":80,"column":8},"end":{"line":80,"column":81}},"type":"binary-expr","locations":[{"start":{"line":80,"column":8},"end":{"line":80,"column":29}},{"start":{"line":80,"column":29},"end":{"line":80,"column":81}}],"line":80},"21":{"loc":{"start":{"line":80,"column":64},"end":{"line":80,"column":78}},"type":"binary-expr","locations":[{"start":{"line":80,"column":64},"end":{"line":80,"column":76}},{"start":{"line":80,"column":76},"end":{"line":80,"column":78}}],"line":80}},"s":{"0":1,"1":18,"2":18,"3":18,"4":18,"5":18,"6":18,"7":18,"8":18,"9":18,"10":18,"11":12,"12":1,"13":11,"14":1,"15":16,"16":18,"17":3,"18":2,"19":2,"20":2,"21":1,"22":1,"23":1,"24":13,"25":13,"26":25,"27":13,"28":3,"29":10,"30":9,"31":1,"32":8,"33":8,"34":2,"35":6,"36":6,"37":10,"38":6,"39":2,"40":5,"41":1},"f":{"0":18,"1":25,"2":10},"b":{"0":[18,0],"1":[18,0],"2":[17,1],"3":[12,6],"4":[18,13,12],"5":[1,11],"6":[12,1],"7":[1,10],"8":[11,1],"9":[16,12,4],"10":[3,15],"11":[2,1],"12":[1,1],"13":[3,10],"14":[13,12],"15":[9,1],"16":[1,8],"17":[2,6],"18":[8,3],"19":[2,4],"20":[6,4],"21":[4,0]},"meta":{"lastBranch":22,"lastFunction":3,"lastStatement":42,"seen":{"s:7:6:7:Infinity":0,"f:13:15:13:21":0,"s:15:19:15:Infinity":1,"b:15:19:15:45:15:45:15:Infinity":0,"s:16:19:16:Infinity":2,"s:17:20:17:Infinity":3,"b:17:42:17:56:17:56:17:Infinity":1,"s:18:18:18:Infinity":4,"b:18:78:18:90:18:90:18:Infinity":2,"s:20:21:20:Infinity":5,"s:21:15:21:Infinity":6,"s:22:19:22:Infinity":7,"s:25:21:25:Infinity":8,"s:26:26:26:Infinity":9,"b:28:2:38:Infinity:undefined:undefined:undefined:undefined":3,"s:28:2:38:Infinity":10,"b:28:6:28:20:28:20:28:35:28:35:28:53":4,"b:30:4:32:Infinity:undefined:undefined:undefined:undefined":5,"s:30:4:32:Infinity":11,"b:30:8:30:28:30:28:30:49":6,"s:31:6:31:Infinity":12,"b:35:4:37:Infinity:undefined:undefined:undefined:undefined":7,"s:35:4:37:Infinity":13,"b:35:8:35:29:35:29:35:48":8,"s:36:6:36:Infinity":14,"s:41:8:41:Infinity":15,"b:41:25:41:56:41:56:41:91:41:91:41:Infinity":9,"b:43:2:54:Infinity:undefined:undefined:undefined:undefined":10,"s:43:2:54:Infinity":16,"b:44:4:52:Infinity:undefined:undefined:undefined:undefined":11,"s:44:4:52:Infinity":17,"s:45:31:45:Infinity":18,"s:46:26:46:Infinity":19,"b:48:6:50:Infinity:undefined:undefined:undefined:undefined":12,"s:48:6:50:Infinity":20,"s:49:8:49:Infinity":21,"s:51:6:51:Infinity":22,"s:53:4:53:Infinity":23,"s:57:22:57:Infinity":24,"s:58:23:58:Infinity":25,"f:58:39:58:44":1,"s:58:51:58:73":26,"b:60:2:63:Infinity:undefined:undefined:undefined:undefined":13,"s:60:2:63:Infinity":27,"b:60:6:60:21:60:21:60:35":14,"s:62:4:62:Infinity":28,"b:66:2:84:Infinity:undefined:undefined:undefined:undefined":15,"s:66:2:84:Infinity":29,"b:67:4:69:Infinity:undefined:undefined:undefined:undefined":16,"s:67:4:69:Infinity":30,"s:68:6:68:Infinity":31,"s:72:30:72:Infinity":32,"b:73:4:76:Infinity:undefined:undefined:undefined:undefined":17,"s:73:4:76:Infinity":33,"b:73:8:73:29:73:29:73:57":18,"s:75:6:75:Infinity":34,"s:78:29:78:Infinity":35,"s:79:30:79:Infinity":36,"f:79:47:79:52":2,"s:79:61:79:85":37,"b:80:4:83:Infinity:undefined:undefined:undefined:undefined":19,"s:80:4:83:Infinity":38,"b:80:8:80:29:80:29:80:81":20,"b:80:64:80:76:80:76:80:78":21,"s:82:6:82:Infinity":39,"s:86:2:86:Infinity":40,"s:89:22:91:Infinity":41}}}
,"D:\\desarrollos\\ABDSuite\\ABDAuth\\src\\lib\\errors.ts": {"path":"D:\\desarrollos\\ABDSuite\\ABDAuth\\src\\lib\\errors.ts","statementMap":{"0":{"start":{"line":12,"column":4},"end":{"line":12,"column":null}},"1":{"start":{"line":7,"column":20},"end":{"line":7,"column":null}},"2":{"start":{"line":8,"column":20},"end":{"line":8,"column":35}},"3":{"start":{"line":9,"column":20},"end":{"line":9,"column":37}},"4":{"start":{"line":10,"column":20},"end":{"line":10,"column":null}},"5":{"start":{"line":13,"column":4},"end":{"line":13,"column":null}},"6":{"start":{"line":16,"column":4},"end":{"line":16,"column":null}},"7":{"start":{"line":24,"column":2},"end":{"line":24,"column":null}}},"fnMap":{"0":{"name":"(anonymous_0)","decl":{"start":{"line":6,"column":2},"end":{"line":6,"column":null}},"loc":{"start":{"line":11,"column":4},"end":{"line":17,"column":null}},"line":11},"1":{"name":"isAppError","decl":{"start":{"line":23,"column":16},"end":{"line":23,"column":27}},"loc":{"start":{"line":23,"column":58},"end":{"line":25,"column":null}},"line":23}},"branchMap":{"0":{"loc":{"start":{"line":8,"column":4},"end":{"line":8,"column":null}},"type":"default-arg","locations":[{"start":{"line":8,"column":35},"end":{"line":8,"column":null}}],"line":8},"1":{"loc":{"start":{"line":9,"column":4},"end":{"line":9,"column":null}},"type":"default-arg","locations":[{"start":{"line":9,"column":37},"end":{"line":9,"column":null}}],"line":9}},"s":{"0":0,"1":0,"2":0,"3":0,"4":0,"5":0,"6":0,"7":0},"f":{"0":0,"1":0},"b":{"0":[0],"1":[0]},"meta":{"lastBranch":2,"lastFunction":2,"lastStatement":8,"seen":{"f:6:2:6:Infinity":0,"b:8:35:8:Infinity":0,"b:9:37:9:Infinity":1,"s:12:4:12:Infinity":0,"s:7:20:7:Infinity":1,"s:8:20:8:35":2,"s:9:20:9:37":3,"s:10:20:10:Infinity":4,"s:13:4:13:Infinity":5,"s:16:4:16:Infinity":6,"f:23:16:23:27":1,"s:24:2:24:Infinity":7}}}
,"D:\\desarrollos\\ABDSuite\\ABDAuth\\src\\lib\\repositories\\BaseRepository.ts": {"path":"D:\\desarrollos\\ABDSuite\\ABDAuth\\src\\lib\\repositories\\BaseRepository.ts","statementMap":{"0":{"start":{"line":20,"column":4},"end":{"line":20,"column":null}},"1":{"start":{"line":21,"column":4},"end":{"line":27,"column":null}},"2":{"start":{"line":22,"column":6},"end":{"line":22,"column":null}},"3":{"start":{"line":23,"column":11},"end":{"line":27,"column":null}},"4":{"start":{"line":24,"column":6},"end":{"line":24,"column":null}},"5":{"start":{"line":26,"column":6},"end":{"line":26,"column":null}},"6":{"start":{"line":28,"column":4},"end":{"line":28,"column":null}},"7":{"start":{"line":35,"column":59},"end":{"line":35,"column":null}},"8":{"start":{"line":36,"column":26},"end":{"line":36,"column":null}},"9":{"start":{"line":38,"column":4},"end":{"line":43,"column":null}},"10":{"start":{"line":39,"column":21},"end":{"line":39,"column":null}},"11":{"start":{"line":40,"column":6},"end":{"line":40,"column":null}},"12":{"start":{"line":42,"column":6},"end":{"line":42,"column":null}},"13":{"start":{"line":47,"column":16},"end":{"line":47,"column":null}},"14":{"start":{"line":48,"column":4},"end":{"line":48,"column":null}},"15":{"start":{"line":52,"column":16},"end":{"line":52,"column":null}},"16":{"start":{"line":53,"column":19},"end":{"line":53,"column":null}},"17":{"start":{"line":54,"column":4},"end":{"line":54,"column":null}},"18":{"start":{"line":58,"column":16},"end":{"line":58,"column":null}},"19":{"start":{"line":59,"column":16},"end":{"line":63,"column":null}},"20":{"start":{"line":64,"column":19},"end":{"line":64,"column":null}},"21":{"start":{"line":65,"column":4},"end":{"line":65,"column":null}},"22":{"start":{"line":69,"column":25},"end":{"line":69,"column":null}},"23":{"start":{"line":70,"column":16},"end":{"line":70,"column":null}},"24":{"start":{"line":73,"column":18},"end":{"line":73,"column":null}},"25":{"start":{"line":74,"column":4},"end":{"line":80,"column":null}},"26":{"start":{"line":75,"column":6},"end":{"line":79,"column":null}},"27":{"start":{"line":76,"column":8},"end":{"line":76,"column":null}},"28":{"start":{"line":78,"column":8},"end":{"line":78,"column":null}},"29":{"start":{"line":82,"column":18},"end":{"line":82,"column":null}},"30":{"start":{"line":85,"column":37},"end":{"line":85,"column":null}},"31":{"start":{"line":86,"column":4},"end":{"line":88,"column":null}},"32":{"start":{"line":86,"column":37},"end":{"line":86,"column":54}},"33":{"start":{"line":87,"column":6},"end":{"line":87,"column":null}},"34":{"start":{"line":90,"column":19},"end":{"line":90,"column":null}},"35":{"start":{"line":91,"column":4},"end":{"line":91,"column":null}},"36":{"start":{"line":95,"column":16},"end":{"line":95,"column":null}},"37":{"start":{"line":96,"column":18},"end":{"line":96,"column":null}},"38":{"start":{"line":97,"column":19},"end":{"line":97,"column":null}},"39":{"start":{"line":99,"column":19},"end":{"line":99,"column":null}},"40":{"start":{"line":100,"column":4},"end":{"line":100,"column":null}},"41":{"start":{"line":104,"column":16},"end":{"line":104,"column":null}},"42":{"start":{"line":105,"column":19},"end":{"line":105,"column":null}},"43":{"start":{"line":106,"column":4},"end":{"line":106,"column":null}},"44":{"start":{"line":110,"column":16},"end":{"line":110,"column":null}},"45":{"start":{"line":111,"column":4},"end":{"line":111,"column":null}}},"fnMap":{"0":{"name":"(anonymous_0)","decl":{"start":{"line":19,"column":2},"end":{"line":19,"column":14}},"loc":{"start":{"line":19,"column":81},"end":{"line":29,"column":null}},"line":19},"1":{"name":"(anonymous_1)","decl":{"start":{"line":34,"column":18},"end":{"line":34,"column":58}},"loc":{"start":{"line":34,"column":58},"end":{"line":44,"column":null}},"line":34},"2":{"name":"(anonymous_2)","decl":{"start":{"line":46,"column":8},"end":{"line":46,"column":16}},"loc":{"start":{"line":46,"column":58},"end":{"line":49,"column":null}},"line":46},"3":{"name":"(anonymous_3)","decl":{"start":{"line":51,"column":8},"end":{"line":51,"column":13}},"loc":{"start":{"line":51,"column":55},"end":{"line":55,"column":null}},"line":51},"4":{"name":"(anonymous_4)","decl":{"start":{"line":57,"column":8},"end":{"line":57,"column":15}},"loc":{"start":{"line":57,"column":67},"end":{"line":66,"column":null}},"line":57},"5":{"name":"(anonymous_5)","decl":{"start":{"line":68,"column":8},"end":{"line":68,"column":15}},"loc":{"start":{"line":68,"column":136},"end":{"line":92,"column":null}},"line":68},"6":{"name":"(anonymous_6)","decl":{"start":{"line":86,"column":27},"end":{"line":86,"column":32}},"loc":{"start":{"line":86,"column":37},"end":{"line":86,"column":54}},"line":86},"7":{"name":"(anonymous_7)","decl":{"start":{"line":94,"column":8},"end":{"line":94,"column":19}},"loc":{"start":{"line":94,"column":60},"end":{"line":101,"column":null}},"line":94},"8":{"name":"(anonymous_8)","decl":{"start":{"line":103,"column":8},"end":{"line":103,"column":19}},"loc":{"start":{"line":103,"column":59},"end":{"line":107,"column":null}},"line":103},"9":{"name":"(anonymous_9)","decl":{"start":{"line":109,"column":8},"end":{"line":109,"column":14}},"loc":{"start":{"line":109,"column":59},"end":{"line":112,"column":null}},"line":109}},"branchMap":{"0":{"loc":{"start":{"line":19,"column":38},"end":{"line":19,"column":81}},"type":"default-arg","locations":[{"start":{"line":19,"column":73},"end":{"line":19,"column":81}}],"line":19},"1":{"loc":{"start":{"line":21,"column":4},"end":{"line":27,"column":null}},"type":"if","locations":[{"start":{"line":21,"column":4},"end":{"line":27,"column":null}},{"start":{"line":23,"column":11},"end":{"line":27,"column":null}}],"line":21},"2":{"loc":{"start":{"line":22,"column":20},"end":{"line":22,"column":null}},"type":"binary-expr","locations":[{"start":{"line":22,"column":20},"end":{"line":22,"column":51}},{"start":{"line":22,"column":51},"end":{"line":22,"column":null}}],"line":22},"3":{"loc":{"start":{"line":23,"column":11},"end":{"line":27,"column":null}},"type":"if","locations":[{"start":{"line":23,"column":11},"end":{"line":27,"column":null}},{"start":{"line":25,"column":11},"end":{"line":27,"column":null}}],"line":23},"4":{"loc":{"start":{"line":24,"column":20},"end":{"line":24,"column":null}},"type":"binary-expr","locations":[{"start":{"line":24,"column":20},"end":{"line":24,"column":51}},{"start":{"line":24,"column":51},"end":{"line":24,"column":null}}],"line":24},"5":{"loc":{"start":{"line":26,"column":20},"end":{"line":26,"column":null}},"type":"binary-expr","locations":[{"start":{"line":26,"column":20},"end":{"line":26,"column":51}},{"start":{"line":26,"column":51},"end":{"line":26,"column":null}}],"line":26},"6":{"loc":{"start":{"line":36,"column":26},"end":{"line":36,"column":null}},"type":"cond-expr","locations":[{"start":{"line":36,"column":51},"end":{"line":36,"column":76}},{"start":{"line":36,"column":76},"end":{"line":36,"column":null}}],"line":36},"7":{"loc":{"start":{"line":42,"column":56},"end":{"line":42,"column":114}},"type":"cond-expr","locations":[{"start":{"line":42,"column":81},"end":{"line":42,"column":97}},{"start":{"line":42,"column":97},"end":{"line":42,"column":114}}],"line":42},"8":{"loc":{"start":{"line":51,"column":13},"end":{"line":51,"column":55}},"type":"default-arg","locations":[{"start":{"line":51,"column":37},"end":{"line":51,"column":55}}],"line":51},"9":{"loc":{"start":{"line":61,"column":17},"end":{"line":61,"column":null}},"type":"binary-expr","locations":[{"start":{"line":61,"column":17},"end":{"line":61,"column":35}},{"start":{"line":61,"column":35},"end":{"line":61,"column":null}}],"line":61},"10":{"loc":{"start":{"line":62,"column":17},"end":{"line":62,"column":null}},"type":"binary-expr","locations":[{"start":{"line":62,"column":17},"end":{"line":62,"column":35}},{"start":{"line":62,"column":35},"end":{"line":62,"column":null}}],"line":62},"11":{"loc":{"start":{"line":68,"column":61},"end":{"line":68,"column":89}},"type":"default-arg","locations":[{"start":{"line":68,"column":85},"end":{"line":68,"column":89}}],"line":68},"12":{"loc":{"start":{"line":68,"column":89},"end":{"line":68,"column":136}},"type":"default-arg","locations":[{"start":{"line":68,"column":114},"end":{"line":68,"column":136}}],"line":68},"13":{"loc":{"start":{"line":74,"column":4},"end":{"line":80,"column":null}},"type":"if","locations":[{"start":{"line":74,"column":4},"end":{"line":80,"column":null}},{"start":{},"end":{}}],"line":74},"14":{"loc":{"start":{"line":74,"column":8},"end":{"line":74,"column":64}},"type":"binary-expr","locations":[{"start":{"line":74,"column":8},"end":{"line":74,"column":34}},{"start":{"line":74,"column":34},"end":{"line":74,"column":64}}],"line":74},"15":{"loc":{"start":{"line":86,"column":4},"end":{"line":88,"column":null}},"type":"if","locations":[{"start":{"line":86,"column":4},"end":{"line":88,"column":null}},{"start":{},"end":{}}],"line":86},"16":{"loc":{"start":{"line":109,"column":14},"end":{"line":109,"column":59}},"type":"default-arg","locations":[{"start":{"line":109,"column":38},"end":{"line":109,"column":59}}],"line":109}},"s":{"0":2,"1":2,"2":1,"3":1,"4":0,"5":1,"6":2,"7":0,"8":0,"9":0,"10":0,"11":0,"12":0,"13":6,"14":6,"15":4,"16":4,"17":4,"18":0,"19":0,"20":0,"21":0,"22":1,"23":1,"24":1,"25":1,"26":1,"27":1,"28":0,"29":1,"30":1,"31":1,"32":2,"33":1,"34":1,"35":1,"36":0,"37":0,"38":0,"39":0,"40":0,"41":0,"42":0,"43":0,"44":0,"45":0},"f":{"0":2,"1":0,"2":6,"3":4,"4":0,"5":1,"6":2,"7":0,"8":0,"9":0},"b":{"0":[2],"1":[1,1],"2":[1,1],"3":[0,1],"4":[0,0],"5":[1,1],"6":[0,0],"7":[0,0],"8":[4],"9":[0,0],"10":[0,0],"11":[1],"12":[1],"13":[1,0],"14":[1,1],"15":[1,0],"16":[0]},"meta":{"lastBranch":17,"lastFunction":10,"lastStatement":46,"seen":{"f:19:2:19:14":0,"b:19:73:19:81":0,"s:20:4:20:Infinity":0,"b:21:4:27:Infinity:23:11:27:Infinity":1,"s:21:4:27:Infinity":1,"s:22:6:22:Infinity":2,"b:22:20:22:51:22:51:22:Infinity":2,"b:23:11:27:Infinity:25:11:27:Infinity":3,"s:23:11:27:Infinity":3,"s:24:6:24:Infinity":4,"b:24:20:24:51:24:51:24:Infinity":4,"s:26:6:26:Infinity":5,"b:26:20:26:51:26:51:26:Infinity":5,"s:28:4:28:Infinity":6,"f:34:18:34:58":1,"s:35:59:35:Infinity":7,"s:36:26:36:Infinity":8,"b:36:51:36:76:36:76:36:Infinity":6,"s:38:4:43:Infinity":9,"s:39:21:39:Infinity":10,"s:40:6:40:Infinity":11,"s:42:6:42:Infinity":12,"b:42:81:42:97:42:97:42:114":7,"f:46:8:46:16":2,"s:47:16:47:Infinity":13,"s:48:4:48:Infinity":14,"f:51:8:51:13":3,"b:51:37:51:55":8,"s:52:16:52:Infinity":15,"s:53:19:53:Infinity":16,"s:54:4:54:Infinity":17,"f:57:8:57:15":4,"s:58:16:58:Infinity":18,"s:59:16:63:Infinity":19,"b:61:17:61:35:61:35:61:Infinity":9,"b:62:17:62:35:62:35:62:Infinity":10,"s:64:19:64:Infinity":20,"s:65:4:65:Infinity":21,"f:68:8:68:15":5,"b:68:85:68:89":11,"b:68:114:68:136":12,"s:69:25:69:Infinity":22,"s:70:16:70:Infinity":23,"s:73:18:73:Infinity":24,"b:74:4:80:Infinity:undefined:undefined:undefined:undefined":13,"s:74:4:80:Infinity":25,"b:74:8:74:34:74:34:74:64":14,"s:75:6:79:Infinity":26,"s:76:8:76:Infinity":27,"s:78:8:78:Infinity":28,"s:82:18:82:Infinity":29,"s:85:37:85:Infinity":30,"b:86:4:88:Infinity:undefined:undefined:undefined:undefined":15,"s:86:4:88:Infinity":31,"f:86:27:86:32":6,"s:86:37:86:54":32,"s:87:6:87:Infinity":33,"s:90:19:90:Infinity":34,"s:91:4:91:Infinity":35,"f:94:8:94:19":7,"s:95:16:95:Infinity":36,"s:96:18:96:Infinity":37,"s:97:19:97:Infinity":38,"s:99:19:99:Infinity":39,"s:100:4:100:Infinity":40,"f:103:8:103:19":8,"s:104:16:104:Infinity":41,"s:105:19:105:Infinity":42,"s:106:4:106:Infinity":43,"f:109:8:109:14":9,"b:109:38:109:59":16,"s:110:16:110:Infinity":44,"s:111:4:111:Infinity":45}}}
,"D:\\desarrollos\\ABDSuite\\ABDAuth\\src\\lib\\repositories\\SessionRepository.ts": {"path":"D:\\desarrollos\\ABDSuite\\ABDAuth\\src\\lib\\repositories\\SessionRepository.ts","statementMap":{"0":{"start":{"line":13,"column":4},"end":{"line":13,"column":null}},"1":{"start":{"line":20,"column":44},"end":{"line":24,"column":null}},"2":{"start":{"line":25,"column":20},"end":{"line":25,"column":null}},"3":{"start":{"line":26,"column":4},"end":{"line":26,"column":null}},"4":{"start":{"line":26,"column":34},"end":{"line":26,"column":81}},"5":{"start":{"line":33,"column":44},"end":{"line":37,"column":null}},"6":{"start":{"line":38,"column":16},"end":{"line":38,"column":null}},"7":{"start":{"line":39,"column":19},"end":{"line":39,"column":null}},"8":{"start":{"line":40,"column":4},"end":{"line":40,"column":null}},"9":{"start":{"line":47,"column":16},"end":{"line":47,"column":null}},"10":{"start":{"line":48,"column":4},"end":{"line":51,"column":null}},"11":{"start":{"line":55,"column":33},"end":{"line":55,"column":null}}},"fnMap":{"0":{"name":"(anonymous_0)","decl":{"start":{"line":12,"column":2},"end":{"line":12,"column":16}},"loc":{"start":{"line":12,"column":16},"end":{"line":14,"column":null}},"line":12},"1":{"name":"(anonymous_1)","decl":{"start":{"line":19,"column":8},"end":{"line":19,"column":21}},"loc":{"start":{"line":19,"column":79},"end":{"line":27,"column":null}},"line":19},"2":{"name":"(anonymous_2)","decl":{"start":{"line":26,"column":19},"end":{"line":26,"column":25}},"loc":{"start":{"line":26,"column":34},"end":{"line":26,"column":81}},"line":26},"3":{"name":"(anonymous_3)","decl":{"start":{"line":32,"column":8},"end":{"line":32,"column":15}},"loc":{"start":{"line":32,"column":86},"end":{"line":41,"column":null}},"line":32},"4":{"name":"(anonymous_4)","decl":{"start":{"line":46,"column":8},"end":{"line":46,"column":25}},"loc":{"start":{"line":46,"column":74},"end":{"line":52,"column":null}},"line":46}},"branchMap":{},"s":{"0":1,"1":1,"2":1,"3":1,"4":1,"5":2,"6":2,"7":2,"8":2,"9":1,"10":1,"11":1},"f":{"0":1,"1":1,"2":1,"3":2,"4":1},"b":{},"meta":{"lastBranch":0,"lastFunction":5,"lastStatement":12,"seen":{"f:12:2:12:16":0,"s:13:4:13:Infinity":0,"f:19:8:19:21":1,"s:20:44:24:Infinity":1,"s:25:20:25:Infinity":2,"s:26:4:26:Infinity":3,"f:26:19:26:25":2,"s:26:34:26:81":4,"f:32:8:32:15":3,"s:33:44:37:Infinity":5,"s:38:16:38:Infinity":6,"s:39:19:39:Infinity":7,"s:40:4:40:Infinity":8,"f:46:8:46:25":4,"s:47:16:47:Infinity":9,"s:48:4:51:Infinity":10,"s:55:33:55:Infinity":11}}}
,"D:\\desarrollos\\ABDSuite\\ABDAuth\\src\\lib\\repositories\\TenantAwareRepository.ts": {"path":"D:\\desarrollos\\ABDSuite\\ABDAuth\\src\\lib\\repositories\\TenantAwareRepository.ts","statementMap":{"0":{"start":{"line":17,"column":4},"end":{"line":19,"column":null}},"1":{"start":{"line":18,"column":6},"end":{"line":18,"column":null}},"2":{"start":{"line":21,"column":4},"end":{"line":24,"column":null}},"3":{"start":{"line":31,"column":27},"end":{"line":31,"column":null}},"4":{"start":{"line":32,"column":4},"end":{"line":32,"column":null}},"5":{"start":{"line":39,"column":27},"end":{"line":39,"column":null}},"6":{"start":{"line":40,"column":4},"end":{"line":40,"column":null}}},"fnMap":{"0":{"name":"(anonymous_0)","decl":{"start":{"line":16,"column":2},"end":{"line":16,"column":12}},"loc":{"start":{"line":16,"column":99},"end":{"line":25,"column":null}},"line":16},"1":{"name":"(anonymous_1)","decl":{"start":{"line":30,"column":8},"end":{"line":30,"column":23}},"loc":{"start":{"line":30,"column":93},"end":{"line":33,"column":null}},"line":30},"2":{"name":"(anonymous_2)","decl":{"start":{"line":38,"column":8},"end":{"line":38,"column":26}},"loc":{"start":{"line":38,"column":96},"end":{"line":41,"column":null}},"line":38}},"branchMap":{"0":{"loc":{"start":{"line":16,"column":60},"end":{"line":16,"column":99}},"type":"default-arg","locations":[{"start":{"line":16,"column":84},"end":{"line":16,"column":99}}],"line":16},"1":{"loc":{"start":{"line":17,"column":4},"end":{"line":19,"column":null}},"type":"if","locations":[{"start":{"line":17,"column":4},"end":{"line":19,"column":null}},{"start":{},"end":{}}],"line":17},"2":{"loc":{"start":{"line":30,"column":51},"end":{"line":30,"column":93}},"type":"default-arg","locations":[{"start":{"line":30,"column":75},"end":{"line":30,"column":93}}],"line":30}},"s":{"0":2,"1":1,"2":1,"3":2,"4":2,"5":0,"6":0},"f":{"0":2,"1":2,"2":0},"b":{"0":[2],"1":[1,1],"2":[2]},"meta":{"lastBranch":3,"lastFunction":3,"lastStatement":7,"seen":{"f:16:2:16:12":0,"b:16:84:16:99":0,"b:17:4:19:Infinity:undefined:undefined:undefined:undefined":1,"s:17:4:19:Infinity":0,"s:18:6:18:Infinity":1,"s:21:4:24:Infinity":2,"f:30:8:30:23":1,"b:30:75:30:93":2,"s:31:27:31:Infinity":3,"s:32:4:32:Infinity":4,"f:38:8:38:26":2,"s:39:27:39:Infinity":5,"s:40:4:40:Infinity":6}}}
,"D:\\desarrollos\\ABDSuite\\ABDAuth\\src\\lib\\repositories\\UserRepository.ts": {"path":"D:\\desarrollos\\ABDSuite\\ABDAuth\\src\\lib\\repositories\\UserRepository.ts","statementMap":{"0":{"start":{"line":15,"column":4},"end":{"line":15,"column":null}},"1":{"start":{"line":19,"column":36},"end":{"line":19,"column":null}},"2":{"start":{"line":20,"column":16},"end":{"line":20,"column":null}},"3":{"start":{"line":21,"column":4},"end":{"line":21,"column":null}},"4":{"start":{"line":25,"column":25},"end":{"line":25,"column":null}},"5":{"start":{"line":26,"column":37},"end":{"line":26,"column":null}},"6":{"start":{"line":29,"column":4},"end":{"line":35,"column":null}},"7":{"start":{"line":30,"column":6},"end":{"line":34,"column":null}},"8":{"start":{"line":31,"column":8},"end":{"line":31,"column":null}},"9":{"start":{"line":33,"column":8},"end":{"line":33,"column":null}},"10":{"start":{"line":37,"column":36},"end":{"line":37,"column":null}},"11":{"start":{"line":38,"column":16},"end":{"line":38,"column":null}},"12":{"start":{"line":40,"column":4},"end":{"line":40,"column":null}},"13":{"start":{"line":40,"column":13},"end":{"line":40,"column":null}},"14":{"start":{"line":43,"column":4},"end":{"line":51,"column":null}},"15":{"start":{"line":44,"column":24},"end":{"line":44,"column":null}},"16":{"start":{"line":45,"column":6},"end":{"line":45,"column":null}},"17":{"start":{"line":45,"column":21},"end":{"line":45,"column":null}},"18":{"start":{"line":49,"column":23},"end":{"line":49,"column":null}},"19":{"start":{"line":50,"column":6},"end":{"line":50,"column":null}},"20":{"start":{"line":50,"column":20},"end":{"line":50,"column":null}},"21":{"start":{"line":53,"column":4},"end":{"line":53,"column":null}},"22":{"start":{"line":57,"column":36},"end":{"line":57,"column":null}},"23":{"start":{"line":58,"column":17},"end":{"line":58,"column":null}},"24":{"start":{"line":59,"column":4},"end":{"line":59,"column":null}},"25":{"start":{"line":66,"column":17},"end":{"line":66,"column":null}},"26":{"start":{"line":67,"column":4},"end":{"line":67,"column":null}},"27":{"start":{"line":71,"column":19},"end":{"line":71,"column":null}},"28":{"start":{"line":72,"column":4},"end":{"line":72,"column":null}},"29":{"start":{"line":76,"column":30},"end":{"line":76,"column":null}}},"fnMap":{"0":{"name":"(anonymous_0)","decl":{"start":{"line":14,"column":2},"end":{"line":14,"column":16}},"loc":{"start":{"line":14,"column":16},"end":{"line":16,"column":null}},"line":14},"1":{"name":"(anonymous_1)","decl":{"start":{"line":18,"column":8},"end":{"line":18,"column":20}},"loc":{"start":{"line":18,"column":57},"end":{"line":22,"column":null}},"line":18},"2":{"name":"(anonymous_2)","decl":{"start":{"line":24,"column":8},"end":{"line":24,"column":17}},"loc":{"start":{"line":24,"column":62},"end":{"line":54,"column":null}},"line":24},"3":{"name":"(anonymous_3)","decl":{"start":{"line":56,"column":8},"end":{"line":56,"column":23}},"loc":{"start":{"line":56,"column":58},"end":{"line":60,"column":null}},"line":56},"4":{"name":"(anonymous_4)","decl":{"start":{"line":65,"column":8},"end":{"line":65,"column":30}},"loc":{"start":{"line":65,"column":75},"end":{"line":68,"column":null}},"line":65},"5":{"name":"(anonymous_5)","decl":{"start":{"line":70,"column":8},"end":{"line":70,"column":24}},"loc":{"start":{"line":70,"column":76},"end":{"line":73,"column":null}},"line":70}},"branchMap":{"0":{"loc":{"start":{"line":21,"column":11},"end":{"line":21,"column":null}},"type":"cond-expr","locations":[{"start":{"line":21,"column":17},"end":{"line":21,"column":59}},{"start":{"line":21,"column":59},"end":{"line":21,"column":null}}],"line":21},"1":{"loc":{"start":{"line":29,"column":4},"end":{"line":35,"column":null}},"type":"if","locations":[{"start":{"line":29,"column":4},"end":{"line":35,"column":null}},{"start":{},"end":{}}],"line":29},"2":{"loc":{"start":{"line":29,"column":8},"end":{"line":29,"column":64}},"type":"binary-expr","locations":[{"start":{"line":29,"column":8},"end":{"line":29,"column":34}},{"start":{"line":29,"column":34},"end":{"line":29,"column":64}}],"line":29},"3":{"loc":{"start":{"line":40,"column":4},"end":{"line":40,"column":null}},"type":"if","locations":[{"start":{"line":40,"column":4},"end":{"line":40,"column":null}},{"start":{},"end":{}}],"line":40},"4":{"loc":{"start":{"line":43,"column":4},"end":{"line":51,"column":null}},"type":"if","locations":[{"start":{"line":43,"column":4},"end":{"line":51,"column":null}},{"start":{},"end":{}}],"line":43},"5":{"loc":{"start":{"line":45,"column":6},"end":{"line":45,"column":null}},"type":"if","locations":[{"start":{"line":45,"column":6},"end":{"line":45,"column":null}},{"start":{},"end":{}}],"line":45},"6":{"loc":{"start":{"line":50,"column":6},"end":{"line":50,"column":null}},"type":"if","locations":[{"start":{"line":50,"column":6},"end":{"line":50,"column":null}},{"start":{},"end":{}}],"line":50}},"s":{"0":1,"1":2,"2":2,"3":2,"4":2,"5":2,"6":2,"7":1,"8":1,"9":0,"10":2,"11":2,"12":2,"13":1,"14":1,"15":1,"16":1,"17":0,"18":1,"19":1,"20":1,"21":0,"22":1,"23":1,"24":1,"25":2,"26":2,"27":1,"28":1,"29":1},"f":{"0":1,"1":2,"2":2,"3":1,"4":2,"5":1},"b":{"0":[1,1],"1":[1,1],"2":[2,2],"3":[1,1],"4":[1,0],"5":[0,1],"6":[1,0]},"meta":{"lastBranch":7,"lastFunction":6,"lastStatement":30,"seen":{"f:14:2:14:16":0,"s:15:4:15:Infinity":0,"f:18:8:18:20":1,"s:19:36:19:Infinity":1,"s:20:16:20:Infinity":2,"s:21:4:21:Infinity":3,"b:21:17:21:59:21:59:21:Infinity":0,"f:24:8:24:17":2,"s:25:25:25:Infinity":4,"s:26:37:26:Infinity":5,"b:29:4:35:Infinity:undefined:undefined:undefined:undefined":1,"s:29:4:35:Infinity":6,"b:29:8:29:34:29:34:29:64":2,"s:30:6:34:Infinity":7,"s:31:8:31:Infinity":8,"s:33:8:33:Infinity":9,"s:37:36:37:Infinity":10,"s:38:16:38:Infinity":11,"b:40:4:40:Infinity:undefined:undefined:undefined:undefined":3,"s:40:4:40:Infinity":12,"s:40:13:40:Infinity":13,"b:43:4:51:Infinity:undefined:undefined:undefined:undefined":4,"s:43:4:51:Infinity":14,"s:44:24:44:Infinity":15,"b:45:6:45:Infinity:undefined:undefined:undefined:undefined":5,"s:45:6:45:Infinity":16,"s:45:21:45:Infinity":17,"s:49:23:49:Infinity":18,"b:50:6:50:Infinity:undefined:undefined:undefined:undefined":6,"s:50:6:50:Infinity":19,"s:50:20:50:Infinity":20,"s:53:4:53:Infinity":21,"f:56:8:56:23":3,"s:57:36:57:Infinity":22,"s:58:17:58:Infinity":23,"s:59:4:59:Infinity":24,"f:65:8:65:30":4,"s:66:17:66:Infinity":25,"s:67:4:67:Infinity":26,"f:70:8:70:24":5,"s:71:19:71:Infinity":27,"s:72:4:72:Infinity":28,"s:76:30:76:Infinity":29}}}
,"D:\\desarrollos\\ABDSuite\\ABDAuth\\src\\lib\\utils\\IndustrialNormalizer.ts": {"path":"D:\\desarrollos\\ABDSuite\\ABDAuth\\src\\lib\\utils\\IndustrialNormalizer.ts","statementMap":{"0":{"start":{"line":10,"column":4},"end":{"line":10,"column":null}},"1":{"start":{"line":10,"column":14},"end":{"line":10,"column":null}},"2":{"start":{"line":11,"column":4},"end":{"line":15,"column":null}},"3":{"start":{"line":19,"column":4},"end":{"line":19,"column":null}},"4":{"start":{"line":19,"column":14},"end":{"line":19,"column":null}},"5":{"start":{"line":22,"column":19},"end":{"line":22,"column":null}},"6":{"start":{"line":23,"column":4},"end":{"line":45,"column":null}},"7":{"start":{"line":24,"column":21},"end":{"line":24,"column":null}},"8":{"start":{"line":25,"column":19},"end":{"line":25,"column":null}},"9":{"start":{"line":26,"column":20},"end":{"line":26,"column":null}},"10":{"start":{"line":28,"column":58},"end":{"line":28,"column":null}},"11":{"start":{"line":30,"column":6},"end":{"line":32,"column":null}},"12":{"start":{"line":31,"column":8},"end":{"line":31,"column":null}},"13":{"start":{"line":34,"column":6},"end":{"line":42,"column":null}},"14":{"start":{"line":35,"column":8},"end":{"line":41,"column":null}},"15":{"start":{"line":44,"column":6},"end":{"line":44,"column":null}},"16":{"start":{"line":47,"column":4},"end":{"line":51,"column":null}}},"fnMap":{"0":{"name":"(anonymous_0)","decl":{"start":{"line":9,"column":9},"end":{"line":9,"column":23}},"loc":{"start":{"line":9,"column":59},"end":{"line":16,"column":null}},"line":9},"1":{"name":"(anonymous_1)","decl":{"start":{"line":18,"column":9},"end":{"line":18,"column":25}},"loc":{"start":{"line":18,"column":63},"end":{"line":52,"column":null}},"line":18}},"branchMap":{"0":{"loc":{"start":{"line":10,"column":4},"end":{"line":10,"column":null}},"type":"if","locations":[{"start":{"line":10,"column":4},"end":{"line":10,"column":null}},{"start":{},"end":{}}],"line":10},"1":{"loc":{"start":{"line":13,"column":17},"end":{"line":13,"column":null}},"type":"cond-expr","locations":[{"start":{"line":13,"column":33},"end":{"line":13,"column":85}},{"start":{"line":13,"column":85},"end":{"line":13,"column":null}}],"line":13},"2":{"loc":{"start":{"line":14,"column":17},"end":{"line":14,"column":null}},"type":"cond-expr","locations":[{"start":{"line":14,"column":33},"end":{"line":14,"column":85}},{"start":{"line":14,"column":85},"end":{"line":14,"column":null}}],"line":14},"3":{"loc":{"start":{"line":19,"column":4},"end":{"line":19,"column":null}},"type":"if","locations":[{"start":{"line":19,"column":4},"end":{"line":19,"column":null}},{"start":{},"end":{}}],"line":19},"4":{"loc":{"start":{"line":23,"column":4},"end":{"line":45,"column":null}},"type":"if","locations":[{"start":{"line":23,"column":4},"end":{"line":45,"column":null}},{"start":{},"end":{}}],"line":23},"5":{"loc":{"start":{"line":30,"column":6},"end":{"line":32,"column":null}},"type":"if","locations":[{"start":{"line":30,"column":6},"end":{"line":32,"column":null}},{"start":{},"end":{}}],"line":30},"6":{"loc":{"start":{"line":30,"column":10},"end":{"line":30,"column":42}},"type":"binary-expr","locations":[{"start":{"line":30,"column":10},"end":{"line":30,"column":31}},{"start":{"line":30,"column":31},"end":{"line":30,"column":42}}],"line":30},"7":{"loc":{"start":{"line":34,"column":6},"end":{"line":42,"column":null}},"type":"if","locations":[{"start":{"line":34,"column":6},"end":{"line":42,"column":null}},{"start":{},"end":{}}],"line":34},"8":{"loc":{"start":{"line":34,"column":10},"end":{"line":34,"column":37}},"type":"binary-expr","locations":[{"start":{"line":34,"column":10},"end":{"line":34,"column":20}},{"start":{"line":34,"column":20},"end":{"line":34,"column":37}}],"line":34},"9":{"loc":{"start":{"line":39,"column":19},"end":{"line":39,"column":null}},"type":"cond-expr","locations":[{"start":{"line":39,"column":52},"end":{"line":39,"column":71}},{"start":{"line":39,"column":71},"end":{"line":39,"column":null}}],"line":39},"10":{"loc":{"start":{"line":40,"column":18},"end":{"line":40,"column":null}},"type":"binary-expr","locations":[{"start":{"line":40,"column":18},"end":{"line":40,"column":37}},{"start":{"line":40,"column":37},"end":{"line":40,"column":null}}],"line":40},"11":{"loc":{"start":{"line":49,"column":17},"end":{"line":49,"column":null}},"type":"cond-expr","locations":[{"start":{"line":49,"column":33},"end":{"line":49,"column":85}},{"start":{"line":49,"column":85},"end":{"line":49,"column":null}}],"line":49},"12":{"loc":{"start":{"line":50,"column":17},"end":{"line":50,"column":null}},"type":"cond-expr","locations":[{"start":{"line":50,"column":33},"end":{"line":50,"column":85}},{"start":{"line":50,"column":85},"end":{"line":50,"column":null}}],"line":50}},"s":{"0":5,"1":0,"2":5,"3":0,"4":0,"5":0,"6":0,"7":0,"8":0,"9":0,"10":0,"11":0,"12":0,"13":0,"14":0,"15":0,"16":0},"f":{"0":1,"1":1},"b":{"0":[0,5],"1":[5,0],"2":[0,5],"3":[0,0],"4":[0,0],"5":[0,0],"6":[0,0],"7":[0,0],"8":[0,0],"9":[0,0],"10":[0,0],"11":[0,0],"12":[0,0]},"meta":{"lastBranch":13,"lastFunction":2,"lastStatement":17,"seen":{"f:9:9:9:23":0,"b:10:4:10:Infinity:undefined:undefined:undefined:undefined":0,"s:10:4:10:Infinity":0,"s:10:14:10:Infinity":1,"s:11:4:15:Infinity":2,"b:13:33:13:85:13:85:13:Infinity":1,"b:14:33:14:85:14:85:14:Infinity":2,"f:18:9:18:25":1,"b:19:4:19:Infinity:undefined:undefined:undefined:undefined":3,"s:19:4:19:Infinity":3,"s:19:14:19:Infinity":4,"s:22:19:22:Infinity":5,"b:23:4:45:Infinity:undefined:undefined:undefined:undefined":4,"s:23:4:45:Infinity":6,"s:24:21:24:Infinity":7,"s:25:19:25:Infinity":8,"s:26:20:26:Infinity":9,"s:28:58:28:Infinity":10,"b:30:6:32:Infinity:undefined:undefined:undefined:undefined":5,"s:30:6:32:Infinity":11,"b:30:10:30:31:30:31:30:42":6,"s:31:8:31:Infinity":12,"b:34:6:42:Infinity:undefined:undefined:undefined:undefined":7,"s:34:6:42:Infinity":13,"b:34:10:34:20:34:20:34:37":8,"s:35:8:41:Infinity":14,"b:39:52:39:71:39:71:39:Infinity":9,"b:40:18:40:37:40:37:40:Infinity":10,"s:44:6:44:Infinity":15,"s:47:4:51:Infinity":16,"b:49:33:49:85:49:85:49:Infinity":11,"b:50:33:50:85:50:85:50:Infinity":12}}}
,"D:\\desarrollos\\ABDSuite\\ABDAuth\\src\\services\\auth\\SsoService.ts": {"path":"D:\\desarrollos\\ABDSuite\\ABDAuth\\src\\services\\auth\\SsoService.ts","statementMap":{"0":{"start":{"line":33,"column":19},"end":{"line":33,"column":null}},"1":{"start":{"line":34,"column":4},"end":{"line":34,"column":null}},"2":{"start":{"line":42,"column":4},"end":{"line":52,"column":null}},"3":{"start":{"line":60,"column":19},"end":{"line":60,"column":null}},"4":{"start":{"line":61,"column":4},"end":{"line":79,"column":null}},"5":{"start":{"line":96,"column":96},"end":{"line":96,"column":null}},"6":{"start":{"line":99,"column":19},"end":{"line":99,"column":null}},"7":{"start":{"line":100,"column":4},"end":{"line":100,"column":null}},"8":{"start":{"line":100,"column":17},"end":{"line":100,"column":null}},"9":{"start":{"line":102,"column":25},"end":{"line":102,"column":null}},"10":{"start":{"line":103,"column":23},"end":{"line":103,"column":null}},"11":{"start":{"line":103,"column":49},"end":{"line":103,"column":72}},"12":{"start":{"line":104,"column":26},"end":{"line":107,"column":null}},"13":{"start":{"line":109,"column":22},"end":{"line":109,"column":null}},"14":{"start":{"line":111,"column":4},"end":{"line":114,"column":null}},"15":{"start":{"line":112,"column":6},"end":{"line":112,"column":null}},"16":{"start":{"line":113,"column":6},"end":{"line":113,"column":null}},"17":{"start":{"line":117,"column":17},"end":{"line":117,"column":null}},"18":{"start":{"line":118,"column":38},"end":{"line":118,"column":null}},"19":{"start":{"line":120,"column":4},"end":{"line":127,"column":null}},"20":{"start":{"line":121,"column":6},"end":{"line":121,"column":null}},"21":{"start":{"line":122,"column":6},"end":{"line":125,"column":null}},"22":{"start":{"line":123,"column":8},"end":{"line":123,"column":null}},"23":{"start":{"line":124,"column":8},"end":{"line":124,"column":null}},"24":{"start":{"line":126,"column":6},"end":{"line":126,"column":null}},"25":{"start":{"line":130,"column":4},"end":{"line":136,"column":null}},"26":{"start":{"line":131,"column":31},"end":{"line":131,"column":null}},"27":{"start":{"line":132,"column":6},"end":{"line":135,"column":null}},"28":{"start":{"line":133,"column":8},"end":{"line":133,"column":null}},"29":{"start":{"line":134,"column":8},"end":{"line":134,"column":null}},"30":{"start":{"line":139,"column":16},"end":{"line":139,"column":null}},"31":{"start":{"line":140,"column":4},"end":{"line":143,"column":null}},"32":{"start":{"line":141,"column":6},"end":{"line":141,"column":null}},"33":{"start":{"line":142,"column":6},"end":{"line":142,"column":null}},"34":{"start":{"line":146,"column":17},"end":{"line":146,"column":null}},"35":{"start":{"line":147,"column":24},"end":{"line":147,"column":null}},"36":{"start":{"line":148,"column":28},"end":{"line":148,"column":null}},"37":{"start":{"line":149,"column":33},"end":{"line":151,"column":null}},"38":{"start":{"line":151,"column":38},"end":{"line":151,"column":65}},"39":{"start":{"line":154,"column":4},"end":{"line":157,"column":null}},"40":{"start":{"line":155,"column":6},"end":{"line":155,"column":null}},"41":{"start":{"line":156,"column":6},"end":{"line":156,"column":null}},"42":{"start":{"line":160,"column":18},"end":{"line":172,"column":null}},"43":{"start":{"line":175,"column":26},"end":{"line":175,"column":null}},"44":{"start":{"line":176,"column":27},"end":{"line":176,"column":null}},"45":{"start":{"line":178,"column":27},"end":{"line":178,"column":null}},"46":{"start":{"line":179,"column":4},"end":{"line":179,"column":null}},"47":{"start":{"line":182,"column":4},"end":{"line":182,"column":null}},"48":{"start":{"line":184,"column":4},"end":{"line":184,"column":null}}},"fnMap":{"0":{"name":"(anonymous_0)","decl":{"start":{"line":32,"column":17},"end":{"line":32,"column":44}},"loc":{"start":{"line":32,"column":44},"end":{"line":35,"column":null}},"line":32},"1":{"name":"(anonymous_1)","decl":{"start":{"line":37,"column":23},"end":{"line":37,"column":null}},"loc":{"start":{"line":41,"column":4},"end":{"line":53,"column":null}},"line":41},"2":{"name":"(anonymous_2)","decl":{"start":{"line":59,"column":15},"end":{"line":59,"column":29}},"loc":{"start":{"line":59,"column":67},"end":{"line":80,"column":null}},"line":59},"3":{"name":"(anonymous_3)","decl":{"start":{"line":86,"column":15},"end":{"line":86,"column":35}},"loc":{"start":{"line":95,"column":78},"end":{"line":185,"column":null}},"line":95},"4":{"name":"(anonymous_4)","decl":{"start":{"line":103,"column":39},"end":{"line":103,"column":44}},"loc":{"start":{"line":103,"column":49},"end":{"line":103,"column":72}},"line":103},"5":{"name":"(anonymous_5)","decl":{"start":{"line":151,"column":26},"end":{"line":151,"column":33}},"loc":{"start":{"line":151,"column":38},"end":{"line":151,"column":65}},"line":151}},"branchMap":{"0":{"loc":{"start":{"line":33,"column":19},"end":{"line":33,"column":null}},"type":"binary-expr","locations":[{"start":{"line":33,"column":19},"end":{"line":33,"column":50}},{"start":{"line":33,"column":50},"end":{"line":33,"column":77}},{"start":{"line":33,"column":77},"end":{"line":33,"column":null}}],"line":33},"1":{"loc":{"start":{"line":72,"column":14},"end":{"line":72,"column":null}},"type":"binary-expr","locations":[{"start":{"line":72,"column":14},"end":{"line":72,"column":32}},{"start":{"line":72,"column":32},"end":{"line":72,"column":null}}],"line":72},"2":{"loc":{"start":{"line":74,"column":10},"end":{"line":74,"column":null}},"type":"cond-expr","locations":[{"start":{"line":74,"column":30},"end":{"line":74,"column":65}},{"start":{"line":74,"column":65},"end":{"line":74,"column":null}}],"line":74},"3":{"loc":{"start":{"line":100,"column":4},"end":{"line":100,"column":null}},"type":"if","locations":[{"start":{"line":100,"column":4},"end":{"line":100,"column":null}},{"start":{},"end":{}}],"line":100},"4":{"loc":{"start":{"line":104,"column":26},"end":{"line":107,"column":null}},"type":"binary-expr","locations":[{"start":{"line":104,"column":26},"end":{"line":104,"column":null}},{"start":{"line":105,"column":26},"end":{"line":105,"column":null}},{"start":{"line":106,"column":26},"end":{"line":106,"column":null}},{"start":{"line":107,"column":26},"end":{"line":107,"column":null}}],"line":104},"5":{"loc":{"start":{"line":111,"column":4},"end":{"line":114,"column":null}},"type":"if","locations":[{"start":{"line":111,"column":4},"end":{"line":114,"column":null}},{"start":{},"end":{}}],"line":111},"6":{"loc":{"start":{"line":120,"column":4},"end":{"line":127,"column":null}},"type":"if","locations":[{"start":{"line":120,"column":4},"end":{"line":127,"column":null}},{"start":{},"end":{}}],"line":120},"7":{"loc":{"start":{"line":122,"column":6},"end":{"line":125,"column":null}},"type":"if","locations":[{"start":{"line":122,"column":6},"end":{"line":125,"column":null}},{"start":{},"end":{}}],"line":122},"8":{"loc":{"start":{"line":122,"column":10},"end":{"line":122,"column":57}},"type":"binary-expr","locations":[{"start":{"line":122,"column":10},"end":{"line":122,"column":21}},{"start":{"line":122,"column":21},"end":{"line":122,"column":39}},{"start":{"line":122,"column":39},"end":{"line":122,"column":57}}],"line":122},"9":{"loc":{"start":{"line":126,"column":26},"end":{"line":126,"column":null}},"type":"binary-expr","locations":[{"start":{"line":126,"column":26},"end":{"line":126,"column":48}},{"start":{"line":126,"column":48},"end":{"line":126,"column":null}}],"line":126},"10":{"loc":{"start":{"line":130,"column":4},"end":{"line":136,"column":null}},"type":"if","locations":[{"start":{"line":130,"column":4},"end":{"line":136,"column":null}},{"start":{},"end":{}}],"line":130},"11":{"loc":{"start":{"line":132,"column":6},"end":{"line":135,"column":null}},"type":"if","locations":[{"start":{"line":132,"column":6},"end":{"line":135,"column":null}},{"start":{},"end":{}}],"line":132},"12":{"loc":{"start":{"line":140,"column":4},"end":{"line":143,"column":null}},"type":"if","locations":[{"start":{"line":140,"column":4},"end":{"line":143,"column":null}},{"start":{},"end":{}}],"line":140},"13":{"loc":{"start":{"line":140,"column":8},"end":{"line":140,"column":29}},"type":"binary-expr","locations":[{"start":{"line":140,"column":8},"end":{"line":140,"column":16}},{"start":{"line":140,"column":16},"end":{"line":140,"column":29}}],"line":140},"14":{"loc":{"start":{"line":146,"column":17},"end":{"line":146,"column":null}},"type":"binary-expr","locations":[{"start":{"line":146,"column":17},"end":{"line":146,"column":37}},{"start":{"line":146,"column":37},"end":{"line":146,"column":null}}],"line":146},"15":{"loc":{"start":{"line":147,"column":24},"end":{"line":147,"column":null}},"type":"binary-expr","locations":[{"start":{"line":147,"column":24},"end":{"line":147,"column":54}},{"start":{"line":147,"column":54},"end":{"line":147,"column":null}}],"line":147},"16":{"loc":{"start":{"line":148,"column":28},"end":{"line":148,"column":null}},"type":"binary-expr","locations":[{"start":{"line":148,"column":28},"end":{"line":148,"column":55}},{"start":{"line":148,"column":55},"end":{"line":148,"column":null}}],"line":148},"17":{"loc":{"start":{"line":149,"column":33},"end":{"line":151,"column":null}},"type":"cond-expr","locations":[{"start":{"line":150,"column":8},"end":{"line":150,"column":null}},{"start":{"line":151,"column":8},"end":{"line":151,"column":null}}],"line":149},"18":{"loc":{"start":{"line":149,"column":33},"end":{"line":149,"column":null}},"type":"binary-expr","locations":[{"start":{"line":149,"column":33},"end":{"line":149,"column":49}},{"start":{"line":149,"column":49},"end":{"line":149,"column":69}},{"start":{"line":149,"column":69},"end":{"line":149,"column":null}}],"line":149},"19":{"loc":{"start":{"line":154,"column":4},"end":{"line":157,"column":null}},"type":"if","locations":[{"start":{"line":154,"column":4},"end":{"line":157,"column":null}},{"start":{},"end":{}}],"line":154},"20":{"loc":{"start":{"line":154,"column":8},"end":{"line":154,"column":99}},"type":"binary-expr","locations":[{"start":{"line":154,"column":8},"end":{"line":154,"column":25}},{"start":{"line":154,"column":25},"end":{"line":154,"column":45}},{"start":{"line":154,"column":45},"end":{"line":154,"column":65}},{"start":{"line":154,"column":65},"end":{"line":154,"column":99}}],"line":154},"21":{"loc":{"start":{"line":164,"column":15},"end":{"line":164,"column":null}},"type":"binary-expr","locations":[{"start":{"line":164,"column":15},"end":{"line":164,"column":30}},{"start":{"line":164,"column":30},"end":{"line":164,"column":null}}],"line":164},"22":{"loc":{"start":{"line":168,"column":16},"end":{"line":168,"column":null}},"type":"cond-expr","locations":[{"start":{"line":168,"column":40},"end":{"line":168,"column":52}},{"start":{"line":168,"column":52},"end":{"line":168,"column":null}}],"line":168},"23":{"loc":{"start":{"line":169,"column":25},"end":{"line":169,"column":null}},"type":"cond-expr","locations":[{"start":{"line":169,"column":49},"end":{"line":169,"column":72}},{"start":{"line":169,"column":72},"end":{"line":169,"column":null}}],"line":169},"24":{"loc":{"start":{"line":169,"column":72},"end":{"line":169,"column":null}},"type":"binary-expr","locations":[{"start":{"line":169,"column":72},"end":{"line":169,"column":101}},{"start":{"line":169,"column":101},"end":{"line":169,"column":null}}],"line":169},"25":{"loc":{"start":{"line":171,"column":14},"end":{"line":171,"column":null}},"type":"binary-expr","locations":[{"start":{"line":171,"column":14},"end":{"line":171,"column":38}},{"start":{"line":171,"column":38},"end":{"line":171,"column":null}}],"line":171},"26":{"loc":{"start":{"line":175,"column":26},"end":{"line":175,"column":null}},"type":"binary-expr","locations":[{"start":{"line":175,"column":26},"end":{"line":175,"column":44}},{"start":{"line":175,"column":44},"end":{"line":175,"column":null}}],"line":175}},"s":{"0":1,"1":1,"2":6,"3":1,"4":1,"5":7,"6":7,"7":7,"8":1,"9":6,"10":6,"11":2,"12":7,"13":7,"14":7,"15":1,"16":1,"17":5,"18":5,"19":5,"20":5,"21":5,"22":1,"23":1,"24":4,"25":4,"26":4,"27":4,"28":1,"29":1,"30":3,"31":3,"32":1,"33":1,"34":2,"35":7,"36":7,"37":7,"38":2,"39":7,"40":1,"41":1,"42":1,"43":1,"44":7,"45":7,"46":7,"47":7,"48":1},"f":{"0":1,"1":1,"2":1,"3":1,"4":2,"5":2},"b":{"0":[1,0,0],"1":[1,0],"2":[0,1],"3":[1,6],"4":[7,6,1,1],"5":[1,6],"6":[5,0],"7":[1,4],"8":[5,4,4],"9":[4,0],"10":[4,0],"11":[1,3],"12":[1,2],"13":[3,2],"14":[2,0],"15":[7,2],"16":[7,0],"17":[0,2],"18":[7,2,2],"19":[1,6],"20":[7,2,2,2],"21":[1,0],"22":[0,1],"23":[0,1],"24":[1,0],"25":[7,1],"26":[1,0]},"meta":{"lastBranch":27,"lastFunction":6,"lastStatement":49,"seen":{"f:32:17:32:44":0,"s:33:19:33:Infinity":0,"b:33:19:33:50:33:50:33:77:33:77:33:Infinity":0,"s:34:4:34:Infinity":1,"f:37:23:37:Infinity":1,"s:42:4:52:Infinity":2,"f:59:15:59:29":2,"s:60:19:60:Infinity":3,"s:61:4:79:Infinity":4,"b:72:14:72:32:72:32:72:Infinity":1,"b:74:30:74:65:74:65:74:Infinity":2,"f:86:15:86:35":3,"s:96:96:96:Infinity":5,"s:99:19:99:Infinity":6,"b:100:4:100:Infinity:undefined:undefined:undefined:undefined":3,"s:100:4:100:Infinity":7,"s:100:17:100:Infinity":8,"s:102:25:102:Infinity":9,"s:103:23:103:Infinity":10,"f:103:39:103:44":4,"s:103:49:103:72":11,"s:104:26:107:Infinity":12,"b:104:26:104:Infinity:105:26:105:Infinity:106:26:106:Infinity:107:26:107:Infinity":4,"s:109:22:109:Infinity":13,"b:111:4:114:Infinity:undefined:undefined:undefined:undefined":5,"s:111:4:114:Infinity":14,"s:112:6:112:Infinity":15,"s:113:6:113:Infinity":16,"s:117:17:117:Infinity":17,"s:118:38:118:Infinity":18,"b:120:4:127:Infinity:undefined:undefined:undefined:undefined":6,"s:120:4:127:Infinity":19,"s:121:6:121:Infinity":20,"b:122:6:125:Infinity:undefined:undefined:undefined:undefined":7,"s:122:6:125:Infinity":21,"b:122:10:122:21:122:21:122:39:122:39:122:57":8,"s:123:8:123:Infinity":22,"s:124:8:124:Infinity":23,"s:126:6:126:Infinity":24,"b:126:26:126:48:126:48:126:Infinity":9,"b:130:4:136:Infinity:undefined:undefined:undefined:undefined":10,"s:130:4:136:Infinity":25,"s:131:31:131:Infinity":26,"b:132:6:135:Infinity:undefined:undefined:undefined:undefined":11,"s:132:6:135:Infinity":27,"s:133:8:133:Infinity":28,"s:134:8:134:Infinity":29,"s:139:16:139:Infinity":30,"b:140:4:143:Infinity:undefined:undefined:undefined:undefined":12,"s:140:4:143:Infinity":31,"b:140:8:140:16:140:16:140:29":13,"s:141:6:141:Infinity":32,"s:142:6:142:Infinity":33,"s:146:17:146:Infinity":34,"b:146:17:146:37:146:37:146:Infinity":14,"s:147:24:147:Infinity":35,"b:147:24:147:54:147:54:147:Infinity":15,"s:148:28:148:Infinity":36,"b:148:28:148:55:148:55:148:Infinity":16,"s:149:33:151:Infinity":37,"b:150:8:150:Infinity:151:8:151:Infinity":17,"b:149:33:149:49:149:49:149:69:149:69:149:Infinity":18,"f:151:26:151:33":5,"s:151:38:151:65":38,"b:154:4:157:Infinity:undefined:undefined:undefined:undefined":19,"s:154:4:157:Infinity":39,"b:154:8:154:25:154:25:154:45:154:45:154:65:154:65:154:99":20,"s:155:6:155:Infinity":40,"s:156:6:156:Infinity":41,"s:160:18:172:Infinity":42,"b:164:15:164:30:164:30:164:Infinity":21,"b:168:40:168:52:168:52:168:Infinity":22,"b:169:49:169:72:169:72:169:Infinity":23,"b:169:72:169:101:169:101:169:Infinity":24,"b:171:14:171:38:171:38:171:Infinity":25,"s:175:26:175:Infinity":43,"b:175:26:175:44:175:44:175:Infinity":26,"s:176:27:176:Infinity":44,"s:178:27:178:Infinity":45,"s:179:4:179:Infinity":46,"s:182:4:182:Infinity":47,"s:184:4:184:Infinity":48}}}
}
